<?xml version="1.0" encoding="UTF-8"?>
<testng-results ignored="0" total="1" passed="1" failed="0" skipped="0">
  <reporter-output>
  </reporter-output>
  <suite started-at="2024-02-05T18:11:40 IST" name="Default suite" finished-at="2024-02-05T18:11:47 IST" duration-ms="6872">
    <groups>
    </groups>
    <test started-at="2024-02-05T18:11:40 IST" name="Default test" finished-at="2024-02-05T18:11:47 IST" duration-ms="6872">
      <class name="Day2.Trello_board">
        <test-method signature="Create_Board()[pri:0, instance:Day2.Trello_board@53ce1329]" started-at="2024-02-05T18:11:40 IST" name="Create_Board" finished-at="2024-02-05T18:11:47 IST" duration-ms="6782" status="PASS">
          <reporter-output>
          </reporter-output>
        </test-method> <!-- Create_Board -->
      </class> <!-- Day2.Trello_board -->
    </test> <!-- Default test -->
  </suite> <!-- Default suite -->
</testng-results>
